SF:./lib/websocket/handshake/base.rb
DA:3,1
DA:4,1
DA:6,1
DA:7,1
DA:8,1
DA:10,1
DA:15,1
DA:16,193
DA:18,389
DA:20,1
DA:22,389
DA:25,193
DA:26,193
DA:28,193
DA:29,193
DA:30,193
DA:34,1
DA:35,121
DA:40,1
DA:41,50
DA:43,1
DA:47,1
DA:48,157
DA:53,1
DA:54,79
DA:56,1
DA:59,1
DA:60,1
DA:65,1
DA:66,25
DA:70,1
DA:71,63
DA:75,1
DA:76,45
DA:79,1
DA:80,52
DA:87,1
DA:88,20
DA:89,20
DA:90,20
DA:91,20
DA:92,20
DA:93,20
DA:96,1
DA:100,1
DA:101,48
DA:106,1
DA:107,22
DA:108,22
DA:111,1
DA:115,1
DA:116,109
DA:117,109
DA:119,101
DA:121,101
DA:122,101
DA:124,94
DA:125,443
DA:126,443
DA:127,442
DA:128,442
DA:130,442
DA:131,1
DA:133,441
DA:137,94
DA:138,94
end_of_record
