SF:./lib/websocket/error.rb
DA:3,1
DA:4,1
DA:5,1
DA:6,1
DA:7,1
DA:8,1
DA:12,1
DA:13,1
DA:14,1
DA:18,1
DA:19,1
DA:20,1
DA:24,1
DA:25,1
DA:26,3
DA:30,1
DA:31,1
DA:32,3
DA:36,1
DA:37,1
DA:38,1
DA:42,1
DA:43,1
DA:44,1
DA:48,1
DA:49,1
DA:50,15
DA:54,1
DA:55,1
DA:56,12
DA:60,1
DA:61,1
DA:62,15
DA:66,1
DA:67,1
DA:68,12
DA:72,1
DA:73,1
DA:74,3
DA:78,1
DA:79,1
DA:80,3
DA:85,1
DA:86,1
DA:87,1
DA:88,3
DA:92,1
DA:93,1
DA:94,11
DA:98,1
DA:99,1
DA:100,0
DA:104,1
DA:105,1
DA:106,3
DA:110,1
DA:111,1
DA:112,5
DA:116,1
DA:117,1
DA:118,2
DA:122,1
DA:123,1
DA:124,1
end_of_record
