SF:./lib/websocket/handshake/server.rb
DA:3,1
DA:4,1
DA:34,1
DA:44,1
DA:45,75
DA:46,75
DA:64,1
DA:65,60
DA:66,60
DA:68,1
DA:75,1
DA:76,94
DA:77,34
DA:78,34
DA:81,6
DA:82,6
DA:84,6
DA:90,6
DA:91,4
DA:92,4
DA:93,2
DA:94,2
DA:95,1
DA:97,1
DA:101,6
DA:113,1
DA:114,5
DA:115,5
DA:116,5
DA:117,5
DA:119,5
DA:120,5
DA:125,1
DA:126,0
DA:131,1
DA:132,21
DA:137,1
DA:138,26
DA:141,1
DA:144,1
DA:145,69
DA:146,69
DA:147,69
DA:148,69
DA:149,69
DA:154,1
DA:155,69
DA:156,18
DA:157,29
DA:158,22
DA:159,0
DA:163,1
DA:168,1
DA:169,60
DA:170,60
DA:171,59
DA:172,59
DA:174,55
DA:175,55
end_of_record
