SF:./lib/websocket/frame/handler/handler03.rb
DA:4,1
DA:6,1
DA:7,1
DA:8,1
DA:9,1
DA:11,1
DA:21,1
DA:23,1
DA:24,826
DA:25,826
DA:29,1
DA:30,101
DA:34,1
DA:35,89
DA:36,2
DA:37,2
DA:38,2
DA:39,2
DA:41,87
DA:44,89
DA:48,1
DA:49,165
DA:50,149
DA:51,133
DA:53,129
DA:55,129
DA:56,28
DA:57,101
DA:58,28
DA:60,73
DA:61,73
DA:68,1
DA:69,62
DA:72,1
DA:75,1
DA:76,54
DA:83,1
DA:84,63
DA:91,1
DA:92,105
DA:95,1
DA:96,89
DA:98,89
DA:99,89
DA:100,89
DA:101,89
DA:104,1
DA:105,89
DA:106,89
DA:107,65
DA:108,24
DA:109,12
DA:110,12
DA:112,12
DA:113,12
DA:115,89
DA:118,1
DA:119,149
DA:120,141
DA:121,141
DA:124,141
DA:125,141
DA:127,141
DA:130,133
DA:133,129
DA:135,129
DA:138,1
DA:139,157
DA:142,1
DA:143,149
DA:145,149
DA:147,149
DA:148,149
DA:150,141
DA:151,141
DA:153,141
DA:156,1
DA:157,141
DA:159,141
DA:160,141
DA:162,141
DA:164,141
DA:166,141
DA:169,1
DA:170,141
DA:173,16
DA:177,16
DA:180,8
DA:182,8
DA:184,117
DA:188,1
DA:189,129
DA:192,129
DA:193,129
DA:194,129
DA:195,129
DA:196,129
DA:197,129
DA:200,129
DA:202,129
DA:205,1
DA:206,28
DA:207,28
DA:208,28
DA:211,1
DA:212,28
DA:213,20
DA:215,20
DA:216,20
DA:217,20
DA:218,20
DA:219,20
end_of_record
