SF:./lib/websocket/handshake/base.rb
DA:3,1
DA:4,1
DA:6,1
DA:7,1
DA:8,1
DA:10,1
DA:15,1
DA:16,139
DA:18,307
DA:20,0
DA:22,307
DA:25,139
DA:26,139
DA:28,139
DA:29,139
DA:30,139
DA:34,1
DA:35,99
DA:40,1
DA:41,45
DA:43,1
DA:47,1
DA:48,148
DA:53,1
DA:54,74
DA:56,1
DA:59,1
DA:60,0
DA:65,1
DA:66,17
DA:70,1
DA:71,53
DA:75,1
DA:76,36
DA:79,1
DA:80,40
DA:87,1
DA:88,16
DA:89,16
DA:90,16
DA:91,16
DA:92,16
DA:93,16
DA:96,1
DA:100,1
DA:101,34
DA:106,1
DA:107,18
DA:108,18
DA:111,1
DA:115,1
DA:116,99
DA:117,99
DA:119,92
DA:121,92
DA:122,92
DA:124,85
DA:125,412
DA:126,412
DA:127,412
DA:128,412
DA:130,412
DA:131,0
DA:133,412
DA:137,85
DA:138,85
end_of_record
