SF:./lib/websocket/handshake/server.rb
DA:3,1
DA:4,1
DA:34,1
DA:44,1
DA:45,57
DA:46,57
DA:64,1
DA:65,57
DA:66,57
DA:68,1
DA:75,1
DA:76,64
DA:77,16
DA:78,16
DA:81,3
DA:82,3
DA:84,3
DA:90,3
DA:91,1
DA:92,1
DA:93,1
DA:94,0
DA:95,0
DA:97,0
DA:101,3
DA:113,1
DA:114,3
DA:115,3
DA:116,3
DA:117,3
DA:119,3
DA:120,3
DA:125,1
DA:126,0
DA:131,1
DA:132,19
DA:137,1
DA:138,24
DA:141,1
DA:144,1
DA:145,57
DA:146,57
DA:147,57
DA:148,57
DA:149,57
DA:154,1
DA:155,57
DA:156,17
DA:157,21
DA:158,19
DA:159,0
DA:163,1
DA:168,1
DA:169,54
DA:170,54
DA:171,54
DA:172,54
DA:174,51
DA:175,51
end_of_record
