SF:./spec/support/all_server_drafts.rb
DA:3,1
DA:5,1
DA:6,3
DA:7,18
DA:9,18
DA:10,18
DA:11,18
DA:12,18
DA:15,3
DA:16,3
DA:18,3
DA:19,3
DA:20,3
DA:23,3
DA:24,3
DA:26,3
DA:29,3
DA:30,3
DA:31,3
DA:33,3
DA:36,3
DA:37,3
DA:38,3
DA:40,3
DA:43,3
DA:44,3
DA:45,3
DA:47,3
DA:50,3
DA:51,3
DA:53,3
DA:56,3
DA:57,3
DA:58,3
DA:60,3
DA:63,3
DA:64,3
DA:67,3
DA:68,3
DA:69,3
DA:72,3
DA:73,3
DA:74,3
DA:77,3
DA:78,3
DA:79,3
DA:82,3
DA:83,3
DA:85,3
DA:86,3
DA:89,3
DA:90,3
DA:92,3
DA:93,3
DA:94,3
DA:97,3
DA:98,3
DA:99,3
DA:100,3
DA:102,3
DA:106,3
DA:109,3
DA:110,3
DA:111,3
DA:112,3
DA:114,3
DA:115,3
DA:116,3
DA:117,16
DA:120,3
DA:125,3
end_of_record
