SF:./spec/frame/incoming_07_spec.rb
DA:4,1
DA:6,1
DA:7,143
DA:9,143
DA:10,143
DA:11,8
DA:12,3
DA:13,1
DA:14,27
DA:16,1
DA:18,1
DA:19,9
DA:20,3
DA:21,9
DA:22,2
DA:24,1
DA:27,1
DA:28,9
DA:29,4
DA:30,3
DA:32,1
DA:35,1
DA:36,9
DA:37,4
DA:38,3
DA:40,1
DA:43,1
DA:44,9
DA:45,3
DA:46,9
DA:48,1
DA:51,1
DA:52,9
DA:53,3
DA:54,9
DA:56,1
DA:59,1
DA:60,9
DA:61,3
DA:62,3
DA:64,1
DA:67,1
DA:68,9
DA:69,3
DA:70,3
DA:72,1
DA:75,1
DA:76,9
DA:77,3
DA:78,3
DA:80,1
DA:83,1
DA:84,9
DA:85,3
DA:86,3
DA:88,1
DA:91,1
DA:92,9
DA:93,3
DA:94,3
DA:96,1
DA:99,1
DA:100,9
DA:101,3
DA:102,3
DA:104,1
DA:107,1
DA:108,9
DA:109,3
DA:110,9
DA:112,1
DA:115,1
DA:116,9
DA:117,3
DA:118,9
DA:120,1
DA:123,1
DA:124,8
DA:125,3
DA:127,1
DA:130,1
DA:131,9
DA:132,4
DA:133,3
DA:135,1
DA:138,1
DA:139,9
DA:140,4
DA:141,3
DA:143,1
DA:146,1
DA:147,9
DA:148,4
DA:149,3
DA:151,1
end_of_record
