SF:./spec/frame/outgoing_07_spec.rb
DA:4,1
DA:6,1
DA:7,64
DA:9,64
DA:10,64
DA:11,8
DA:12,57
DA:13,2
DA:14,15
DA:15,2
DA:16,9
DA:18,1
DA:20,1
DA:21,8
DA:22,8
DA:23,2
DA:24,2
DA:26,1
DA:29,1
DA:30,8
DA:31,8
DA:32,8
DA:33,2
DA:34,2
DA:36,1
DA:39,1
DA:40,8
DA:41,8
DA:42,2
DA:43,2
DA:45,1
DA:48,1
DA:49,8
DA:50,8
DA:51,2
DA:52,2
DA:54,1
DA:57,1
DA:58,8
DA:59,2
DA:60,2
DA:62,1
DA:65,1
DA:66,8
DA:67,8
DA:68,2
DA:69,2
DA:71,1
DA:74,1
DA:75,8
DA:76,8
DA:77,2
DA:78,2
DA:80,1
DA:83,1
DA:84,8
DA:85,8
DA:86,2
DA:87,2
DA:88,2
DA:90,1
end_of_record
