SF:./spec/frame/incoming_04_spec.rb
DA:4,1
DA:6,1
DA:7,111
DA:9,111
DA:10,111
DA:11,8
DA:12,3
DA:13,1
DA:14,23
DA:16,1
DA:18,1
DA:19,9
DA:20,3
DA:21,9
DA:23,1
DA:26,1
DA:27,9
DA:28,3
DA:29,9
DA:31,1
DA:34,1
DA:35,9
DA:36,3
DA:37,9
DA:39,1
DA:42,1
DA:43,9
DA:44,9
DA:45,3
DA:47,1
DA:50,1
DA:51,9
DA:52,3
DA:53,3
DA:55,1
DA:58,1
DA:59,9
DA:60,3
DA:61,3
DA:63,1
DA:66,1
DA:67,9
DA:68,3
DA:69,3
DA:71,1
DA:74,1
DA:75,9
DA:76,3
DA:77,9
DA:79,1
DA:82,1
DA:83,9
DA:84,3
DA:85,9
DA:87,1
DA:90,1
DA:91,8
DA:92,3
DA:94,1
DA:97,1
DA:98,9
DA:99,4
DA:100,3
DA:102,1
DA:105,1
DA:106,9
DA:107,4
DA:108,3
DA:110,1
DA:113,1
DA:114,9
DA:115,4
DA:116,3
DA:118,1
end_of_record
