SF:./spec/websocket/handshake/handler/server76_spec.rb
DA:3,1
DA:4,1
DA:6,1
DA:8,1
DA:9,1
DA:10,1
DA:12,0
DA:15,1
DA:16,4
DA:17,4
DA:18,4
DA:19,11
DA:20,11
DA:22,4
DA:23,15
DA:24,15
DA:25,15
DA:27,4
DA:30,2
DA:32,1
DA:33,1
DA:34,1
DA:35,1
DA:36,1
DA:37,1
DA:38,0
DA:42,1
DA:43,4
DA:44,4
DA:46,1
DA:47,1
DA:48,1
DA:49,1
DA:52,1
DA:63,1
DA:65,1
DA:66,1
DA:67,1
DA:68,1
DA:71,1
DA:72,1
DA:73,1
DA:74,1
DA:77,1
DA:87,1
DA:89,1
DA:90,0
DA:93,1
DA:94,1
DA:95,1
DA:96,1
DA:99,1
DA:109,1
DA:110,1
DA:111,1
end_of_record
