SF:./spec/support/all_client_drafts.rb
DA:3,1
DA:4,4
DA:5,20
DA:7,20
DA:9,20
DA:10,20
DA:11,20
DA:14,4
DA:15,4
DA:17,4
DA:18,4
DA:19,4
DA:22,4
DA:23,4
DA:26,4
DA:27,4
DA:28,4
DA:31,4
DA:32,4
DA:33,4
DA:36,4
DA:37,4
DA:38,4
DA:41,4
DA:42,4
DA:45,4
DA:46,4
DA:47,4
DA:50,4
DA:51,4
DA:52,4
DA:55,4
DA:56,4
DA:57,4
DA:58,4
DA:59,4
DA:60,4
DA:63,4
DA:64,4
DA:65,4
DA:66,4
DA:67,4
DA:68,4
DA:71,4
DA:72,4
DA:73,4
DA:76,4
DA:77,4
DA:80,4
DA:81,4
DA:82,4
DA:85,4
DA:86,4
DA:87,4
DA:90,4
DA:91,4
DA:92,4
DA:95,4
DA:96,4
DA:97,4
DA:100,4
DA:101,4
DA:103,4
DA:104,4
DA:107,4
DA:108,4
DA:110,4
DA:111,4
DA:112,4
end_of_record
