{
  "RSpec": {
    "coverage": {
      "/app/lib/websocket.rb": {
        "lines": [
          null,
          null,
          null,
          null,
          null,
          null,
          null,
          1,
          null,
          1,
          1,
          null,
          1,
          1,
          1,
          1,
          1,
          null,
          null,
          1,
          192,
          null,
          null,
          null,
          1,
          1,
          null,
          null,
          null,
          null,
          1,
          72,
          null,
          null,
          null,
          1,
          138,
          null,
          null,
          null,
          null,
          null,
          1,
          null,
          1,
          null
        ]
      },
      "/app/spec/support/all_client_drafts.rb": {
        "lines": [
          null,
          null,
          1,
          4,
          20,
          null,
          20,
          null,
          20,
          20,
          20,
          null,
          null,
          4,
          4,
          null,
          4,
          4,
          4,
          null,
          null,
          4,
          4,
          null,
          null,
          4,
          4,
          4,
          null,
          null,
          4,
          4,
          4,
          null,
          null,
          4,
          4,
          4,
          null,
          null,
          4,
          4,
          null,
          null,
          4,
          4,
          4,
          null,
          null,
          4,
          4,
          4,
          null,
          null,
          4,
          4,
          4,
          4,
          4,
          4,
          null,
          null,
          4,
          4,
          4,
          4,
          4,
          4,
          null,
          null,
          4,
          4,
          4,
          null,
          null,
          4,
          4,
          null,
          null,
          4,
          4,
          4,
          null,
          null,
          4,
          4,
          4,
          null,
          null,
          4,
          4,
          4,
          null,
          null,
          4,
          4,
          4,
          null,
          null,
          4,
          4,
          null,
          4,
          4,
          null,
          null,
          4,
          4,
          null,
          4,
          4,
          4,
          null,
          null
        ]
      },
      "/app/spec/support/all_server_drafts.rb": {
        "lines": [
          null,
          null,
          1,
          null,
          1,
          3,
          18,
          null,
          18,
          18,
          18,
          18,
          null,
          null,
          3,
          3,
          null,
          3,
          3,
          3,
          null,
          null,
          3,
          3,
          null,
          3,
          null,
          null,
          3,
          3,
          3,
          null,
          3,
          null,
          null,
          3,
          3,
          3,
          null,
          3,
          null,
          null,
          3,
          3,
          3,
          null,
          3,
          null,
          null,
          3,
          3,
          null,
          3,
          null,
          null,
          3,
          3,
          3,
          null,
          3,
          null,
          null,
          3,
          3,
          null,
          null,
          3,
          3,
          3,
          null,
          null,
          3,
          3,
          3,
          null,
          null,
          3,
          3,
          3,
          null,
          null,
          3,
          3,
          null,
          3,
          3,
          null,
          null,
          3,
          3,
          null,
          3,
          3,
          3,
          null,
          null,
          3,
          3,
          3,
          3,
          null,
          3,
          null,
          null,
          null,
          3,
          null,
          null,
          3,
          3,
          3,
          3,
          null,
          3,
          3,
          3,
          16,
          null,
          null,
          3,
          null,
          null,
          null,
          null,
          3,
          null,
          null
        ]
      },
      "/app/spec/support/frames_base.rb": {
        "lines": [
          null,
          null,
          1,
          1,
          1,
          1,
          140,
          null,
          null,
          1,
          174,
          null,
          null,
          null,
          null
        ]
      },
      "/app/lib/websocket/frame.rb": {
        "lines": [
          null,
          null,
          1,
          1,
          1,
          1,
          1,
          1,
          1,
          null,
          null
        ]
      },
      "/app/lib/websocket/frame/base.rb": {
        "lines": [
          null,
          null,
          1,
          1,
          null,
          1,
          1,
          1,
          null,
          1,
          1,
          null,
          null,
          null,
          null,
          null,
          null,
          null,
          1,
          924,
          924,
          924,
          924,
          924,
          924,
          null,
          1,
          null,
          null,
          null,
          1,
          42,
          null,
          null,
          null,
          1,
          113,
          null,
          null,
          null,
          1,
          1,
          null,
          null,
          1,
          null,
          null,
          null,
          1,
          924,
          93,
          2,
          186,
          186,
          206,
          248,
          3,
          null,
          null,
          null,
          null,
          null
        ]
      },
      "/app/lib/websocket/exception_handler.rb": {
        "lines": [
          null,
          null,
          1,
          1,
          1,
          null,
          1,
          2,
          null,
          null,
          1,
          null,
          null,
          null,
          null,
          null,
          null,
          1,
          8,
          null,
          1558,
          null,
          72,
          72,
          null,
          null,
          8,
          8,
          null,
          null,
          null,
          null
        ]
      },
      "/app/lib/websocket/nice_inspect.rb": {
        "lines": [
          null,
          null,
          1,
          1,
          null,
          1,
          13,
          4,
          4,
          null,
          null,
          null
        ]
      },
      "/app/spec/support/handshake_requests.rb": {
        "lines": [
          null,
          null,
          1,
          22,
          null,
          null,
          null,
          null,
          null,
          25,
          null,
          null,
          null,
          1,
          16,
          null,
          null,
          null,
          19,
          null,
          null,
          null,
          null,
          null,
          1,
          26,
          null,
          null,
          null,
          null,
          null,
          29,
          null,
          null,
          null,
          null,
          26,
          null,
          null,
          1,
          17,
          null,
          null,
          null,
          20,
          null,
          null,
          null,
          null,
          17,
          null,
          null,
          1,
          24,
          null,
          null,
          null,
          null,
          28,
          null,
          null,
          null,
          null,
          null,
          null,
          1,
          27,
          null,
          null,
          null,
          32,
          null,
          null,
          null,
          null,
          1,
          5,
          null,
          null,
          null,
          null,
          6,
          null,
          null,
          null,
          null,
          null,
          null,
          1,
          9,
          null
        ]
      },
      "/app/spec/support/incoming_frames.rb": {
        "lines": [
          null,
          null,
          1,
          223,
          155,
          null,
          69,
          69,
          null,
          null,
          69,
          69,
          null,
          null,
          69,
          69,
          null,
          null,
          69,
          69,
          null,
          null,
          69,
          69,
          null,
          null,
          69,
          69,
          null,
          null,
          69,
          69,
          48,
          48,
          48,
          null,
          69,
          69,
          16,
          null,
          53,
          null,
          null,
          null,
          69,
          69,
          48,
          48,
          48,
          48,
          48,
          null,
          null,
          null,
          69,
          138,
          138,
          null,
          69,
          69,
          16,
          16,
          0,
          0,
          0,
          null,
          16,
          0,
          0,
          null,
          0,
          null,
          null,
          null,
          null,
          null,
          null
        ]
      },
      "/app/spec/support/outgoing_frames.rb": {
        "lines": [
          null,
          null,
          1,
          37,
          37,
          null,
          null,
          37,
          37,
          null,
          null,
          37,
          37,
          null,
          null,
          37,
          37,
          null,
          null,
          37,
          37,
          null,
          null,
          37,
          111,
          null,
          37,
          37,
          null,
          null,
          37,
          37,
          null,
          null,
          null
        ]
      },
      "/app/spec/support/overwrites.rb": {
        "lines": [
          null,
          null,
          1,
          1,
          1,
          1,
          null,
          null,
          null
        ]
      },
      "/app/lib/websocket/handshake.rb": {
        "lines": [
          null,
          null,
          1,
          1,
          1,
          1,
          1,
          1,
          null,
          null
        ]
      },
      "/app/lib/websocket/handshake/base.rb": {
        "lines": [
          null,
          null,
          1,
          1,
          null,
          1,
          1,
          1,
          null,
          1,
          null,
          null,
          null,
          null,
          1,
          193,
          null,
          389,
          null,
          1,
          null,
          389,
          null,
          null,
          193,
          193,
          null,
          193,
          193,
          193,
          null,
          null,
          null,
          1,
          121,
          null,
          null,
          null,
          null,
          1,
          50,
          null,
          1,
          null,
          null,
          null,
          1,
          157,
          null,
          null,
          null,
          null,
          1,
          79,
          null,
          1,
          null,
          null,
          1,
          1,
          null,
          null,
          null,
          null,
          1,
          25,
          null,
          null,
          null,
          1,
          63,
          null,
          null,
          null,
          1,
          45,
          null,
          null,
          1,
          52,
          null,
          null,
          null,
          null,
          null,
          null,
          1,
          20,
          20,
          20,
          20,
          20,
          20,
          null,
          null,
          1,
          null,
          null,
          null,
          1,
          48,
          null,
          null,
          null,
          null,
          1,
          22,
          22,
          null,
          null,
          1,
          null,
          null,
          null,
          1,
          109,
          109,
          null,
          101,
          null,
          101,
          101,
          null,
          94,
          443,
          443,
          442,
          442,
          null,
          442,
          1,
          null,
          441,
          null,
          null,
          null,
          94,
          94,
          null,
          null,
          null,
          null
        ]
      },
      "/app/spec/frame/incoming_04_spec.rb": {
        "lines": [
          null,
          null,
          null,
          1,
          null,
          1,
          111,
          null,
          111,
          111,
          8,
          3,
          1,
          23,
          null,
          1,
          null,
          1,
          9,
          3,
          9,
          null,
          1,
          null,
          null,
          1,
          9,
          3,
          9,
          null,
          1,
          null,
          null,
          1,
          9,
          3,
          9,
          null,
          1,
          null,
          null,
          1,
          9,
          9,
          3,
          null,
          1,
          null,
          null,
          1,
          9,
          3,
          3,
          null,
          1,
          null,
          null,
          1,
          9,
          3,
          3,
          null,
          1,
          null,
          null,
          1,
          9,
          3,
          3,
          null,
          1,
          null,
          null,
          1,
          9,
          3,
          9,
          null,
          1,
          null,
          null,
          1,
          9,
          3,
          9,
          null,
          1,
          null,
          null,
          1,
          8,
          3,
          null,
          1,
          null,
          null,
          1,
          9,
          4,
          3,
          null,
          1,
          null,
          null,
          1,
          9,
          4,
          3,
          null,
          1,
          null,
          null,
          1,
          9,
          4,
          3,
          null,
          1,
          null,
          null
        ]
      },
      "/app/spec/frame/incoming_05_spec.rb": {
        "lines": [
          null,
          null,
          null,
          1,
          null,
          1,
          127,
          null,
          127,
          127,
          8,
          3,
          1,
          27,
          null,
          1,
          null,
          1,
          9,
          3,
          9,
          null,
          1,
          null,
          null,
          1,
          9,
          3,
          9,
          null,
          1,
          null,
          null,
          1,
          9,
          3,
          9,
          null,
          1,
          null,
          null,
          1,
          9,
          9,
          3,
          null,
          1,
          null,
          null,
          1,
          9,
          3,
          3,
          null,
          1,
          null,
          null,
          1,
          9,
          3,
          3,
          null,
          1,
          null,
          null,
          1,
          9,
          3,
          3,
          null,
          1,
          null,
          null,
          1,
          9,
          3,
          3,
          null,
          1,
          null,
          null,
          1,
          9,
          3,
          3,
          null,
          1,
          null,
          null,
          1,
          9,
          3,
          9,
          null,
          1,
          null,
          null,
          1,
          9,
          3,
          9,
          null,
          1,
          null,
          null,
          1,
          8,
          3,
          null,
          1,
          null,
          null,
          1,
          9,
          4,
          3,
          null,
          1,
          null,
          null,
          1,
          9,
          4,
          3,
          null,
          1,
          null,
          null,
          1,
          9,
          4,
          3,
          null,
          1,
          null,
          null
        ]
      },
      "/app/spec/frame/incoming_07_spec.rb": {
        "lines": [
          null,
          null,
          null,
          1,
          null,
          1,
          143,
          null,
          143,
          143,
          8,
          3,
          1,
          27,
          null,
          1,
          null,
          1,
          9,
          3,
          9,
          2,
          null,
          1,
          null,
          null,
          1,
          9,
          4,
          3,
          null,
          1,
          null,
          null,
          1,
          9,
          4,
          3,
          null,
          1,
          null,
          null,
          1,
          9,
          3,
          9,
          null,
          1,
          null,
          null,
          1,
          9,
          3,
          9,
          null,
          1,
          null,
          null,
          1,
          9,
          3,
          3,
          null,
          1,
          null,
          null,
          1,
          9,
          3,
          3,
          null,
          1,
          null,
          null,
          1,
          9,
          3,
          3,
          null,
          1,
          null,
          null,
          1,
          9,
          3,
          3,
          null,
          1,
          null,
          null,
          1,
          9,
          3,
          3,
          null,
          1,
          null,
          null,
          1,
          9,
          3,
          3,
          null,
          1,
          null,
          null,
          1,
          9,
          3,
          9,
          null,
          1,
          null,
          null,
          1,
          9,
          3,
          9,
          null,
          1,
          null,
          null,
          1,
          8,
          3,
          null,
          1,
          null,
          null,
          1,
          9,
          4,
          3,
          null,
          1,
          null,
          null,
          1,
          9,
          4,
          3,
          null,
          1,
          null,
          null,
          1,
          9,
          4,
          3,
          null,
          1,
          null,
          null
        ]
      },
      "/app/spec/frame/incoming_75_spec.rb": {
        "lines": [
          null,
          null,
          null,
          1,
          null,
          1,
          55,
          null,
          55,
          55,
          8,
          9,
          1,
          11,
          null,
          1,
          null,
          1,
          9,
          3,
          3,
          null,
          1,
          null,
          null,
          1,
          9,
          3,
          3,
          null,
          1,
          null,
          null,
          1,
          9,
          3,
          3,
          null,
          1,
          null,
          null,
          1,
          8,
          3,
          null,
          1,
          null,
          null,
          1,
          9,
          3,
          null,
          1,
          null,
          null,
          1,
          9,
          3,
          null,
          1,
          null,
          null
        ]
      },
      "/app/spec/frame/incoming_common_spec.rb": {
        "lines": [
          null,
          null,
          null,
          1,
          null,
          1,
          5,
          null,
          1,
          1,
          null,
          null,
          1,
          1,
          null,
          null,
          1,
          1,
          null,
          null,
          1,
          1,
          1,
          1,
          null,
          null,
          1,
          1,
          1,
          1,
          null,
          null
        ]
      },
      "/app/spec/frame/masking_spec.rb": {
        "lines": [
          null,
          null,
          null,
          1,
          null,
          1,
          1,
          1,
          1,
          1,
          1,
          1,
          1,
          1,
          1,
          1,
          null,
          null
        ]
      },
      "/app/spec/frame/outgoing_03_spec.rb": {
        "lines": [
          null,
          null,
          null,
          1,
          null,
          1,
          57,
          null,
          57,
          57,
          8,
          2,
          15,
          2,
          8,
          null,
          1,
          null,
          1,
          8,
          8,
          2,
          2,
          null,
          1,
          null,
          null,
          1,
          8,
          8,
          2,
          2,
          null,
          1,
          null,
          null,
          1,
          8,
          8,
          2,
          2,
          null,
          1,
          null,
          null,
          1,
          8,
          2,
          2,
          null,
          1,
          null,
          null,
          1,
          8,
          8,
          2,
          2,
          null,
          1,
          null,
          null,
          1,
          8,
          8,
          2,
          2,
          null,
          1,
          null,
          null,
          1,
          8,
          8,
          2,
          2,
          2,
          null,
          1,
          null,
          null
        ]
      },
      "/app/spec/frame/outgoing_04_spec.rb": {
        "lines": [
          null,
          null,
          null,
          1,
          null,
          1,
          57,
          null,
          57,
          57,
          8,
          2,
          15,
          2,
          8,
          null,
          1,
          null,
          1,
          8,
          8,
          2,
          2,
          null,
          1,
          null,
          null,
          1,
          8,
          8,
          2,
          2,
          null,
          1,
          null,
          null,
          1,
          8,
          8,
          2,
          2,
          null,
          1,
          null,
          null,
          1,
          8,
          2,
          2,
          null,
          1,
          null,
          null,
          1,
          8,
          8,
          2,
          2,
          null,
          1,
          null,
          null,
          1,
          8,
          8,
          2,
          2,
          null,
          1,
          null,
          null,
          1,
          8,
          8,
          2,
          2,
          2,
          null,
          1,
          null,
          null
        ]
      },
      "/app/spec/frame/outgoing_05_spec.rb": {
        "lines": [
          null,
          null,
          null,
          1,
          null,
          1,
          57,
          null,
          57,
          57,
          8,
          2,
          15,
          2,
          8,
          null,
          1,
          null,
          1,
          8,
          8,
          2,
          2,
          null,
          1,
          null,
          null,
          1,
          8,
          8,
          2,
          2,
          null,
          1,
          null,
          null,
          1,
          8,
          8,
          2,
          2,
          null,
          1,
          null,
          null,
          1,
          8,
          2,
          2,
          null,
          1,
          null,
          null,
          1,
          8,
          8,
          2,
          2,
          null,
          1,
          null,
          null,
          1,
          8,
          8,
          2,
          2,
          null,
          1,
          null,
          null,
          1,
          8,
          8,
          2,
          2,
          2,
          null,
          1,
          null,
          null
        ]
      },
      "/app/spec/frame/outgoing_07_spec.rb": {
        "lines": [
          null,
          null,
          null,
          1,
          null,
          1,
          64,
          null,
          64,
          64,
          8,
          57,
          2,
          15,
          2,
          9,
          null,
          1,
          null,
          1,
          8,
          8,
          2,
          2,
          null,
          1,
          null,
          null,
          1,
          8,
          8,
          8,
          2,
          2,
          null,
          1,
          null,
          null,
          1,
          8,
          8,
          2,
          2,
          null,
          1,
          null,
          null,
          1,
          8,
          8,
          2,
          2,
          null,
          1,
          null,
          null,
          1,
          8,
          2,
          2,
          null,
          1,
          null,
          null,
          1,
          8,
          8,
          2,
          2,
          null,
          1,
          null,
          null,
          1,
          8,
          8,
          2,
          2,
          null,
          1,
          null,
          null,
          1,
          8,
          8,
          2,
          2,
          2,
          null,
          1,
          null,
          null
        ]
      },
      "/app/spec/frame/outgoing_75_spec.rb": {
        "lines": [
          null,
          null,
          null,
          1,
          null,
          1,
          29,
          null,
          29,
          29,
          8,
          2,
          15,
          2,
          4,
          null,
          1,
          null,
          1,
          8,
          2,
          2,
          null,
          1,
          null,
          null,
          1,
          8,
          8,
          2,
          2,
          null,
          1,
          null,
          null,
          1,
          8,
          8,
          2,
          2,
          2,
          null,
          1,
          null,
          null
        ]
      },
      "/app/spec/frame/outgoing_common_spec.rb": {
        "lines": [
          null,
          null,
          null,
          1,
          null,
          1,
          3,
          null,
          1,
          1,
          null,
          null,
          1,
          1,
          null,
          null,
          1,
          1,
          1,
          1,
          null,
          null
        ]
      },
      "/app/spec/handshake/client_04_spec.rb": {
        "lines": [
          null,
          null,
          1,
          null,
          1,
          20,
          null,
          23,
          6,
          13,
          null,
          1,
          null,
          1,
          1,
          1,
          null,
          1,
          1,
          1,
          null,
          null,
          1,
          4,
          null,
          1,
          2,
          null,
          1,
          1,
          1,
          null,
          1,
          1,
          null,
          null,
          null,
          1,
          2,
          null,
          1,
          1,
          1,
          null,
          1,
          1,
          null,
          null,
          null,
          1,
          2,
          null,
          1,
          1,
          1,
          null,
          1,
          1,
          1,
          null,
          null,
          null,
          null
        ]
      },
      "/app/spec/handshake/client_11_spec.rb": {
        "lines": [
          null,
          null,
          1,
          null,
          1,
          20,
          null,
          20,
          6,
          10,
          null,
          1,
          null,
          1,
          1,
          1,
          null,
          1,
          1,
          1,
          null,
          null
        ]
      },
      "/app/spec/handshake/client_75_spec.rb": {
        "lines": [
          null,
          null,
          1,
          null,
          1,
          19,
          null,
          21,
          6,
          11,
          null,
          1,
          null,
          1,
          3,
          null,
          1,
          1,
          1,
          1,
          null,
          1,
          1,
          null,
          null,
          null,
          1,
          1,
          1,
          1,
          null,
          1,
          1,
          1,
          null,
          null,
          null,
          null
        ]
      },
      "/app/spec/handshake/client_76_spec.rb": {
        "lines": [
          null,
          null,
          1,
          null,
          1,
          20,
          null,
          22,
          6,
          12,
          null,
          1,
          null,
          1,
          1,
          1,
          null,
          1,
          1,
          1,
          null,
          null,
          1,
          3,
          null,
          1,
          1,
          1,
          1,
          null,
          1,
          1,
          null,
          null,
          null,
          1,
          1,
          1,
          1,
          null,
          1,
          1,
          1,
          null,
          null,
          null,
          null
        ]
      },
      "/app/spec/handshake/server_04_spec.rb": {
        "lines": [
          null,
          null,
          1,
          null,
          1,
          17,
          2,
          20,
          7,
          null,
          1,
          null,
          1,
          1,
          null,
          1,
          1,
          1,
          null,
          null,
          1,
          4,
          null,
          1,
          1,
          1,
          1,
          null,
          1,
          null,
          null,
          null,
          1,
          1,
          1,
          1,
          null,
          1,
          null,
          null,
          null,
          1,
          1,
          1,
          1,
          null,
          1,
          null,
          null,
          null,
          null
        ]
      },
      "/app/spec/handshake/server_75_spec.rb": {
        "lines": [
          null,
          null,
          1,
          null,
          1,
          16,
          null,
          2,
          18,
          7,
          null,
          1,
          null,
          1,
          3,
          null,
          1,
          1,
          1,
          1,
          null,
          1,
          null,
          null,
          null,
          1,
          1,
          1,
          1,
          null,
          1,
          null,
          null,
          null,
          null
        ]
      },
      "/app/spec/handshake/server_76_spec.rb": {
        "lines": [
          null,
          null,
          1,
          null,
          1,
          20,
          2,
          22,
          7,
          null,
          1,
          null,
          1,
          1,
          1,
          null,
          1,
          1,
          1,
          null,
          null,
          1,
          1,
          1,
          null,
          1,
          1,
          1,
          null,
          null,
          1,
          1,
          1,
          null,
          1,
          1,
          1,
          null,
          null,
          1,
          1,
          1,
          null,
          1,
          1,
          1,
          null,
          null,
          1,
          3,
          null,
          1,
          1,
          1,
          1,
          null,
          1,
          null,
          null,
          null,
          1,
          1,
          1,
          1,
          null,
          1,
          null,
          null,
          null,
          null
        ]
      },
      "/app/spec/websocket/error_spec.rb": {
        "lines": [
          null,
          null,
          1,
          null,
          1,
          1,
          1,
          1,
          null,
          null,
          1,
          1,
          null,
          null,
          1,
          1,
          null,
          null,
          1,
          1,
          null,
          null,
          1,
          1,
          null,
          null,
          null,
          1,
          1,
          1,
          1,
          null,
          null,
          1,
          1,
          null,
          null,
          1,
          1,
          1,
          null,
          null,
          null
        ]
      },
      "/app/lib/websocket/error.rb": {
        "lines": [
          null,
          null,
          1,
          1,
          1,
          1,
          1,
          1,
          null,
          null,
          null,
          1,
          1,
          1,
          null,
          null,
          null,
          1,
          1,
          1,
          null,
          null,
          null,
          1,
          1,
          3,
          null,
          null,
          null,
          1,
          1,
          3,
          null,
          null,
          null,
          1,
          1,
          1,
          null,
          null,
          null,
          1,
          1,
          1,
          null,
          null,
          null,
          1,
          1,
          15,
          null,
          null,
          null,
          1,
          1,
          12,
          null,
          null,
          null,
          1,
          1,
          15,
          null,
          null,
          null,
          1,
          1,
          12,
          null,
          null,
          null,
          1,
          1,
          3,
          null,
          null,
          null,
          1,
          1,
          3,
          null,
          null,
          null,
          null,
          1,
          1,
          1,
          3,
          null,
          null,
          null,
          1,
          1,
          11,
          null,
          null,
          null,
          1,
          1,
          0,
          null,
          null,
          null,
          1,
          1,
          3,
          null,
          null,
          null,
          1,
          1,
          5,
          null,
          null,
          null,
          1,
          1,
          2,
          null,
          null,
          null,
          1,
          1,
          1,
          null,
          null,
          null,
          null,
          null
        ]
      },
      "/app/spec/websocket/frame/base_spec.rb": {
        "lines": [
          null,
          null,
          1,
          null,
          1,
          3,
          null,
          1,
          1,
          2,
          null,
          null,
          null,
          1,
          1,
          1,
          1,
          1,
          1,
          null,
          null,
          null,
          1,
          1,
          1,
          1,
          1,
          null,
          null,
          null,
          1,
          1,
          1,
          1,
          1,
          null,
          null,
          null,
          1,
          1,
          1,
          1,
          null,
          null,
          null,
          null
        ]
      },
      "/app/spec/websocket/frame/handler/base_spec.rb": {
        "lines": [
          null,
          null,
          1,
          null,
          null,
          1,
          1,
          null,
          0,
          null,
          null,
          null,
          1,
          3,
          3,
          null,
          1,
          1,
          2,
          null,
          null,
          null,
          1,
          1,
          2,
          null,
          null,
          null
        ]
      },
      "/app/lib/websocket/frame/handler.rb": {
        "lines": [
          null,
          null,
          1,
          1,
          1,
          1,
          null,
          1,
          1,
          1,
          1,
          1,
          null,
          null,
          null
        ]
      },
      "/app/lib/websocket/frame/handler/base.rb": {
        "lines": [
          null,
          null,
          1,
          1,
          1,
          1,
          1,
          926,
          null,
          null,
          null,
          null,
          1,
          1,
          null,
          null,
          null,
          null,
          1,
          1,
          null,
          null,
          1,
          null,
          null,
          null,
          null,
          1,
          52,
          null,
          null,
          null,
          null,
          null,
          1,
          141,
          null,
          null,
          null,
          null,
          null
        ]
      },
      "/app/spec/websocket/frame/handler/handler75_spec.rb": {
        "lines": [
          null,
          null,
          1,
          null,
          null,
          1,
          1,
          null,
          1,
          3,
          3,
          3,
          null,
          null,
          null,
          1,
          0,
          null,
          null,
          null,
          1,
          1,
          1,
          1,
          null,
          1,
          1,
          2,
          null,
          null,
          null,
          null,
          null,
          null,
          1,
          1,
          1,
          1,
          null,
          1,
          null,
          null,
          null,
          1,
          1,
          1,
          1,
          null,
          1,
          null,
          null,
          null,
          null
        ]
      },
      "/app/lib/websocket/frame/handler/handler75.rb": {
        "lines": [
          null,
          null,
          null,
          1,
          1,
          1,
          1,
          null,
          1,
          12,
          null,
          null,
          null,
          1,
          12,
          4,
          null,
          7,
          28,
          7,
          1,
          null,
          null,
          null,
          null,
          1,
          17,
          null,
          13,
          13,
          13,
          null,
          13,
          null,
          2,
          null,
          2,
          2,
          2,
          2,
          2,
          2,
          2,
          null,
          null,
          2,
          null,
          2,
          null,
          null,
          null,
          2,
          null,
          null,
          2,
          2,
          null,
          null,
          null,
          null,
          null,
          11,
          null,
          null,
          9,
          null,
          7,
          7,
          6,
          6,
          6,
          null,
          null,
          null,
          null,
          null,
          null,
          null
        ]
      },
      "/app/spec/websocket/frame/incoming/server_spec.rb": {
        "lines": [
          null,
          null,
          1,
          null,
          null,
          1,
          1,
          0,
          null,
          null,
          null,
          1,
          null,
          null,
          null,
          2,
          2,
          null,
          1,
          1,
          1,
          null,
          null,
          null
        ]
      },
      "/app/lib/websocket/frame/incoming.rb": {
        "lines": [
          null,
          null,
          1,
          1,
          null,
          null,
          null,
          null,
          null,
          null,
          null,
          null,
          1,
          1,
          1,
          null,
          1,
          651,
          651,
          null,
          null,
          null,
          null,
          null,
          null,
          1,
          301,
          null,
          null,
          null,
          null,
          1,
          1,
          null,
          null,
          null,
          null,
          null,
          null,
          1,
          182,
          null,
          1,
          null,
          null,
          null,
          1,
          166,
          null,
          null,
          null,
          null
        ]
      },
      "/app/lib/websocket/frame/incoming/server.rb": {
        "lines": [
          null,
          null,
          1,
          1,
          1,
          1,
          1,
          1,
          null,
          null,
          1,
          1,
          null,
          null,
          null,
          null,
          null
        ]
      },
      "/app/spec/websocket/frame/outgoing/client_spec.rb": {
        "lines": [
          null,
          null,
          1,
          null,
          null,
          1,
          1,
          null,
          null,
          0,
          null,
          null,
          null,
          1,
          null,
          null,
          2,
          2,
          null,
          1,
          1,
          1,
          null,
          null,
          null
        ]
      },
      "/app/lib/websocket/frame/outgoing.rb": {
        "lines": [
          null,
          null,
          1,
          1,
          null,
          null,
          null,
          null,
          null,
          null,
          1,
          1,
          1,
          null,
          null,
          null,
          1,
          113,
          null,
          null,
          null,
          null,
          1,
          37,
          null,
          null,
          null,
          1,
          113,
          98,
          null,
          1,
          null,
          null,
          null
        ]
      },
      "/app/lib/websocket/frame/outgoing/client.rb": {
        "lines": [
          null,
          null,
          1,
          1,
          1,
          1,
          1,
          1,
          null,
          null,
          1,
          4,
          null,
          null,
          null,
          null,
          null
        ]
      },
      "/app/spec/websocket/handshake/base_spec.rb": {
        "lines": [
          null,
          null,
          1,
          null,
          null,
          1,
          null,
          1,
          null,
          null,
          null,
          null,
          1,
          0,
          null,
          null,
          null,
          1,
          1,
          1,
          1,
          1,
          1,
          null,
          null,
          1,
          null,
          1,
          null,
          null,
          null,
          1,
          1,
          1,
          null,
          null,
          1,
          1,
          1,
          null,
          null,
          null,
          1,
          1,
          null,
          2,
          null,
          null,
          null,
          1,
          4,
          null,
          1,
          1,
          null,
          null,
          null,
          null,
          1,
          1,
          1,
          1,
          null,
          null,
          null,
          null,
          2,
          1,
          1,
          null,
          null,
          null,
          1,
          1,
          1,
          1,
          1,
          null,
          null,
          null,
          1,
          1,
          1,
          1,
          1,
          1,
          1,
          1,
          null,
          null,
          null,
          null,
          1,
          1,
          1,
          1,
          null,
          null,
          1,
          1,
          1,
          null,
          null,
          null,
          1,
          3,
          1,
          1,
          1,
          1,
          1,
          1,
          null,
          1,
          1,
          null,
          1,
          null,
          null,
          1,
          1,
          1,
          1,
          1,
          null,
          null,
          null,
          null
        ]
      },
      "/app/spec/websocket/handshake/client_spec.rb": {
        "lines": [
          null,
          null,
          1,
          null,
          1,
          13,
          null,
          1,
          1,
          1,
          1,
          1,
          null,
          null,
          1,
          1,
          1,
          null,
          null,
          1,
          1,
          1,
          1,
          null,
          null,
          1,
          1,
          1,
          1,
          null,
          1,
          1,
          1,
          null,
          null,
          1,
          1,
          1,
          1,
          null,
          null,
          1,
          1,
          1,
          1,
          null,
          null,
          1,
          1,
          1,
          1,
          1,
          1,
          null,
          null,
          null,
          1,
          1,
          1,
          1,
          null,
          null,
          null,
          1,
          1,
          1,
          1,
          1,
          1,
          1,
          1,
          null,
          null,
          1,
          1,
          1,
          1,
          1,
          1,
          1,
          null,
          null,
          null,
          null,
          1,
          1,
          1,
          1,
          null,
          null,
          null,
          1,
          2,
          null,
          1,
          1,
          1,
          1,
          null,
          null,
          null,
          1,
          4,
          null,
          1,
          2,
          null,
          null,
          1,
          2,
          null,
          null,
          1,
          2,
          null,
          null,
          null,
          null
        ]
      },
      "/app/lib/websocket/handshake/client.rb": {
        "lines": [
          null,
          null,
          1,
          null,
          1,
          1,
          null,
          null,
          null,
          null,
          null,
          null,
          null,
          null,
          null,
          null,
          null,
          null,
          null,
          null,
          null,
          null,
          null,
          null,
          null,
          null,
          null,
          null,
          null,
          null,
          null,
          null,
          null,
          null,
          null,
          1,
          1,
          null,
          null,
          null,
          null,
          null,
          null,
          null,
          null,
          null,
          null,
          null,
          null,
          null,
          null,
          null,
          null,
          null,
          null,
          null,
          1,
          105,
          null,
          105,
          90,
          90,
          90,
          90,
          90,
          90,
          null,
          null,
          105,
          105,
          null,
          105,
          null,
          104,
          null,
          1,
          null,
          null,
          null,
          null,
          null,
          null,
          null,
          null,
          null,
          null,
          null,
          null,
          null,
          1,
          45,
          45,
          null,
          1,
          null,
          null,
          null,
          1,
          1,
          null,
          null,
          1,
          null,
          null,
          null,
          1,
          104,
          21,
          26,
          4,
          23,
          29,
          1,
          null,
          null,
          null,
          1,
          null,
          null,
          null,
          null,
          1,
          43,
          43,
          42,
          42,
          null,
          null,
          null,
          null
        ]
      },
      "/app/spec/websocket/handshake/handler/base_spec.rb": {
        "lines": [
          null,
          null,
          1,
          null,
          null,
          1,
          null,
          null,
          null,
          null,
          1,
          3,
          3,
          null,
          1,
          1,
          null,
          null,
          null,
          null,
          null,
          null,
          null,
          null,
          null,
          null,
          null,
          null,
          null,
          null,
          1,
          null,
          null,
          null,
          1,
          1,
          1,
          null,
          null,
          null
        ]
      },
      "/app/lib/websocket/handshake/handler.rb": {
        "lines": [
          null,
          null,
          1,
          1,
          1,
          1,
          null,
          1,
          1,
          1,
          1,
          1,
          1,
          null,
          1,
          1,
          1,
          1,
          null,
          null,
          null
        ]
      },
      "/app/lib/websocket/handshake/handler/base.rb": {
        "lines": [
          null,
          null,
          1,
          1,
          1,
          null,
          1,
          1,
          174,
          null,
          null,
          null,
          1,
          51,
          51,
          245,
          null,
          51,
          51,
          51,
          null,
          null,
          1,
          66,
          null,
          null,
          1,
          null,
          null,
          null,
          1,
          1,
          null,
          null,
          null,
          null,
          1,
          26,
          null,
          null,
          null,
          null,
          1,
          33,
          null,
          null,
          null,
          null,
          null
        ]
      },
      "/app/spec/websocket/handshake/handler/client01_spec.rb": {
        "lines": [
          null,
          null,
          1,
          null,
          1,
          1,
          2,
          null,
          null,
          null,
          null,
          null,
          null,
          1,
          1,
          null,
          null,
          null,
          null,
          null,
          null,
          1,
          1,
          1,
          1,
          null,
          null,
          1,
          1,
          1,
          null,
          null,
          1,
          1,
          1,
          null,
          1,
          1,
          1,
          1,
          1,
          null,
          null,
          null
        ]
      },
      "/app/lib/websocket/handshake/handler/client01.rb": {
        "lines": [
          null,
          null,
          1,
          null,
          1,
          1,
          1,
          1,
          1,
          null,
          null,
          1,
          3,
          3,
          3,
          null,
          null,
          null,
          null,
          null
        ]
      },
      "/app/lib/websocket/handshake/handler/client76.rb": {
        "lines": [
          null,
          null,
          1,
          null,
          1,
          1,
          1,
          1,
          null,
          1,
          11,
          null,
          null,
          1,
          null,
          null,
          1,
          1,
          null,
          null,
          null,
          1,
          10,
          10,
          10,
          10,
          null,
          null,
          null,
          1,
          10,
          null,
          null,
          null,
          null,
          1,
          29,
          null,
          null,
          null,
          null,
          1,
          29,
          null,
          null,
          null,
          null,
          1,
          29,
          null,
          null,
          null,
          null,
          1,
          21,
          13,
          13,
          null,
          null,
          null,
          13,
          null,
          null,
          null,
          null,
          1,
          10,
          8,
          null,
          null,
          1,
          null,
          null,
          null,
          null,
          1,
          32,
          32,
          32,
          32,
          32,
          32,
          232,
          232,
          232,
          null,
          32,
          215,
          215,
          null,
          32,
          null,
          null,
          null,
          1,
          16,
          null,
          null,
          1,
          3,
          null,
          null,
          null,
          null,
          null
        ]
      },
      "/app/lib/websocket/handshake/handler/client75.rb": {
        "lines": [
          null,
          null,
          1,
          1,
          1,
          1,
          null,
          1,
          19,
          null,
          null,
          1,
          null,
          null,
          1,
          null,
          15,
          null,
          null,
          15,
          15,
          15,
          15,
          15,
          15,
          15,
          null,
          null,
          1,
          32,
          null,
          null,
          1,
          2,
          null,
          null,
          null,
          null,
          null
        ]
      },
      "/app/lib/websocket/handshake/handler/client.rb": {
        "lines": [
          null,
          null,
          1,
          1,
          1,
          1,
          1,
          null,
          null,
          1,
          25,
          25,
          25,
          null,
          null,
          null,
          1,
          25,
          null,
          null,
          null,
          null,
          1,
          42,
          8,
          8,
          5,
          null,
          null,
          null,
          null,
          null
        ]
      },
      "/app/spec/websocket/handshake/handler/client76_spec.rb": {
        "lines": [
          null,
          null,
          1,
          1,
          null,
          1,
          1,
          3,
          null,
          null,
          null,
          null,
          null,
          3,
          null,
          null,
          1,
          1,
          null,
          null,
          1,
          null,
          null,
          1,
          1,
          null,
          1,
          null,
          null,
          null,
          null,
          1,
          1,
          1,
          null,
          1,
          1,
          1,
          null,
          1,
          1,
          null,
          1,
          null,
          null,
          1,
          null,
          null,
          null,
          null,
          null,
          null,
          null,
          null,
          1,
          null,
          1,
          1,
          1,
          null,
          null,
          null,
          1,
          null,
          null,
          null,
          1,
          1,
          1,
          null,
          1,
          null,
          null,
          1,
          null,
          null,
          null,
          null,
          null,
          null,
          null,
          null,
          1,
          1,
          1,
          null,
          null,
          null
        ]
      },
      "/app/spec/websocket/handshake/handler/server76_spec.rb": {
        "lines": [
          null,
          null,
          1,
          1,
          null,
          1,
          null,
          1,
          1,
          1,
          null,
          0,
          null,
          null,
          1,
          4,
          4,
          4,
          11,
          11,
          null,
          4,
          15,
          15,
          15,
          null,
          4,
          null,
          null,
          2,
          null,
          1,
          1,
          1,
          1,
          1,
          1,
          0,
          null,
          null,
          null,
          1,
          4,
          4,
          null,
          1,
          1,
          1,
          1,
          null,
          null,
          1,
          null,
          null,
          null,
          null,
          null,
          null,
          null,
          null,
          null,
          null,
          1,
          null,
          1,
          1,
          1,
          1,
          null,
          null,
          1,
          1,
          1,
          1,
          null,
          null,
          1,
          null,
          null,
          null,
          null,
          null,
          null,
          null,
          null,
          null,
          1,
          null,
          1,
          0,
          null,
          null,
          1,
          1,
          1,
          1,
          null,
          null,
          1,
          null,
          null,
          null,
          null,
          null,
          null,
          null,
          null,
          null,
          1,
          1,
          1,
          null,
          null,
          null
        ]
      },
      "/app/lib/websocket/handshake/handler/server76.rb": {
        "lines": [
          null,
          null,
          1,
          null,
          1,
          1,
          1,
          1,
          null,
          1,
          14,
          null,
          null,
          1,
          null,
          1,
          28,
          null,
          null,
          null,
          null,
          null,
          null,
          null,
          1,
          0,
          null,
          null,
          null,
          1,
          8,
          null,
          null,
          null,
          1,
          22,
          null,
          null,
          null,
          null,
          1,
          null,
          16,
          13,
          11,
          null,
          11,
          null,
          null,
          11,
          null,
          null,
          null,
          null,
          null,
          1,
          29,
          null,
          29,
          null,
          29,
          null,
          null,
          26,
          null,
          24,
          null,
          24,
          null,
          24,
          null,
          null,
          null,
          null,
          null
        ]
      },
      "/app/lib/websocket/handshake/handler/server75.rb": {
        "lines": [
          null,
          null,
          1,
          1,
          1,
          1,
          1,
          null,
          1,
          28,
          null,
          null,
          null,
          null,
          null,
          null,
          null,
          1,
          8,
          null,
          null,
          null,
          1,
          null,
          16,
          null,
          null,
          null,
          null,
          null,
          null,
          1,
          16,
          4,
          4,
          null,
          null,
          null,
          null,
          null
        ]
      },
      "/app/lib/websocket/handshake/handler/server.rb": {
        "lines": [
          null,
          null,
          1,
          1,
          1,
          1,
          null,
          null,
          null,
          null
        ]
      },
      "/app/spec/websocket/handshake/server_spec.rb": {
        "lines": [
          null,
          null,
          1,
          null,
          1,
          null,
          1,
          1,
          3,
          null,
          null,
          null,
          null,
          null,
          null,
          null,
          null,
          null,
          null,
          4,
          null,
          1,
          1,
          1,
          1,
          1,
          1,
          1,
          1,
          1,
          1,
          null,
          null,
          null,
          1,
          1,
          1,
          1,
          1,
          1,
          1,
          1,
          1,
          1,
          1,
          null,
          null,
          null,
          1,
          1,
          1,
          1,
          1,
          1,
          1,
          1,
          1,
          1,
          1,
          null,
          null,
          null,
          null,
          1,
          1,
          1,
          1,
          1,
          1,
          1,
          1,
          null,
          null,
          1,
          1,
          1,
          1,
          1,
          1,
          1,
          null,
          null,
          null,
          1,
          1,
          1,
          1,
          1,
          1,
          1,
          1,
          1,
          null,
          null,
          1,
          1,
          1,
          1,
          1,
          1,
          null,
          null,
          1,
          1,
          1,
          1,
          1,
          1,
          null,
          null,
          1,
          1,
          1,
          1,
          1,
          1,
          null,
          null,
          null,
          1,
          1,
          1,
          1,
          1,
          1,
          null,
          null,
          1,
          1,
          1,
          1,
          1,
          null,
          null,
          null,
          1,
          1,
          1,
          2,
          1,
          1,
          null,
          null,
          1,
          1,
          2,
          null,
          null,
          1,
          1,
          2,
          null,
          null,
          null,
          null
        ]
      },
      "/app/lib/websocket/handshake/server.rb": {
        "lines": [
          null,
          null,
          1,
          1,
          null,
          null,
          null,
          null,
          null,
          null,
          null,
          null,
          null,
          null,
          null,
          null,
          null,
          null,
          null,
          null,
          null,
          null,
          null,
          null,
          null,
          null,
          null,
          null,
          null,
          null,
          null,
          null,
          null,
          1,
          null,
          null,
          null,
          null,
          null,
          null,
          null,
          null,
          null,
          1,
          75,
          75,
          null,
          null,
          null,
          null,
          null,
          null,
          null,
          null,
          null,
          null,
          null,
          null,
          null,
          null,
          null,
          null,
          null,
          1,
          60,
          60,
          null,
          1,
          null,
          null,
          null,
          null,
          null,
          null,
          1,
          94,
          34,
          34,
          null,
          null,
          6,
          6,
          null,
          6,
          null,
          null,
          null,
          null,
          null,
          6,
          4,
          4,
          2,
          2,
          1,
          null,
          1,
          null,
          null,
          null,
          6,
          null,
          null,
          null,
          null,
          null,
          null,
          null,
          null,
          null,
          null,
          null,
          1,
          5,
          5,
          5,
          5,
          null,
          5,
          5,
          null,
          null,
          null,
          null,
          1,
          0,
          null,
          null,
          null,
          null,
          1,
          21,
          null,
          null,
          null,
          null,
          1,
          26,
          null,
          null,
          1,
          null,
          null,
          1,
          69,
          69,
          69,
          69,
          69,
          null,
          null,
          null,
          null,
          1,
          69,
          18,
          29,
          22,
          0,
          null,
          null,
          null,
          1,
          null,
          null,
          null,
          null,
          1,
          60,
          60,
          59,
          59,
          null,
          55,
          55,
          null,
          null,
          null,
          null
        ]
      },
      "/app/spec/websocket/nice_inspect_spec.rb": {
        "lines": [
          null,
          null,
          1,
          null,
          null,
          1,
          1,
          null,
          1,
          3,
          3,
          3,
          null,
          null,
          null,
          null,
          1,
          1,
          null,
          null,
          1,
          1,
          1,
          4,
          4,
          null,
          1,
          null,
          1,
          null,
          null,
          1,
          1,
          1,
          1,
          null,
          null,
          1,
          null,
          1,
          null,
          null,
          1,
          null,
          null,
          null,
          1,
          2,
          2,
          null,
          1,
          null,
          1,
          null,
          null,
          1,
          null,
          null,
          null,
          null
        ]
      },
      "/app/lib/websocket/frame/data.rb": {
        "lines": [
          null,
          null,
          1,
          1,
          1,
          1,
          932,
          932,
          null,
          null,
          1,
          1,
          null,
          null,
          null,
          1,
          1866,
          null,
          null,
          null,
          1,
          15,
          15,
          null,
          null,
          null,
          1,
          13,
          null,
          null,
          null,
          1,
          155,
          155,
          155,
          null,
          null,
          null,
          1,
          15,
          15,
          15,
          73,
          null,
          15,
          null,
          null,
          null,
          null
        ]
      },
      "/app/lib/websocket/frame/handler/handler03.rb": {
        "lines": [
          null,
          null,
          null,
          1,
          null,
          1,
          1,
          1,
          1,
          null,
          1,
          null,
          null,
          null,
          null,
          null,
          null,
          null,
          null,
          null,
          1,
          null,
          1,
          826,
          826,
          null,
          null,
          null,
          1,
          101,
          null,
          null,
          null,
          1,
          89,
          2,
          2,
          2,
          2,
          null,
          87,
          null,
          null,
          89,
          null,
          null,
          null,
          1,
          165,
          149,
          133,
          null,
          129,
          null,
          129,
          28,
          101,
          28,
          null,
          73,
          73,
          null,
          null,
          null,
          null,
          null,
          null,
          1,
          62,
          null,
          null,
          1,
          null,
          null,
          1,
          54,
          null,
          null,
          null,
          null,
          null,
          null,
          1,
          63,
          null,
          null,
          null,
          null,
          null,
          null,
          1,
          105,
          null,
          null,
          1,
          89,
          null,
          89,
          89,
          89,
          89,
          null,
          null,
          1,
          89,
          89,
          65,
          24,
          12,
          12,
          null,
          12,
          12,
          null,
          89,
          null,
          null,
          1,
          149,
          141,
          141,
          null,
          null,
          141,
          141,
          null,
          141,
          null,
          null,
          133,
          null,
          null,
          129,
          null,
          129,
          null,
          null,
          1,
          157,
          null,
          null,
          1,
          149,
          null,
          149,
          null,
          149,
          149,
          null,
          141,
          141,
          null,
          141,
          null,
          null,
          1,
          141,
          null,
          141,
          141,
          null,
          141,
          null,
          141,
          null,
          141,
          null,
          null,
          1,
          141,
          null,
          null,
          16,
          null,
          null,
          null,
          16,
          null,
          null,
          8,
          null,
          8,
          null,
          117,
          null,
          null,
          null,
          1,
          129,
          null,
          null,
          129,
          129,
          129,
          129,
          129,
          129,
          null,
          null,
          129,
          null,
          129,
          null,
          null,
          1,
          28,
          28,
          28,
          null,
          null,
          1,
          28,
          20,
          null,
          20,
          20,
          20,
          20,
          20,
          null,
          null,
          null,
          null,
          null
        ]
      },
      "/app/lib/websocket/frame/handler/handler04.rb": {
        "lines": [
          null,
          null,
          null,
          1,
          1,
          1,
          1,
          1,
          null,
          null,
          null,
          1,
          184,
          null,
          null,
          null,
          null,
          null
        ]
      },
      "/app/lib/websocket/frame/handler/handler05.rb": {
        "lines": [
          null,
          null,
          null,
          1,
          1,
          1,
          1,
          null,
          1,
          83,
          null,
          null,
          null,
          null,
          null
        ]
      },
      "/app/lib/websocket/frame/handler/handler07.rb": {
        "lines": [
          null,
          null,
          null,
          1,
          1,
          1,
          1,
          null,
          1,
          null,
          null,
          null,
          null,
          null,
          null,
          null,
          null,
          null,
          1,
          null,
          1,
          26,
          6,
          6,
          6,
          6,
          null,
          26,
          null,
          null,
          1,
          48,
          42,
          6,
          6,
          6,
          4,
          null,
          38,
          null,
          null,
          1,
          null,
          1,
          12,
          null,
          null,
          1,
          4,
          4,
          2,
          null,
          2,
          null,
          null,
          1,
          42,
          null,
          null,
          null,
          null,
          null,
          null,
          1,
          26,
          null,
          null,
          null,
          null,
          null,
          null,
          1,
          44,
          null,
          null,
          null,
          null,
          null
        ]
      },
      "/app/lib/websocket/handshake/handler/client04.rb": {
        "lines": [
          null,
          null,
          1,
          null,
          1,
          1,
          1,
          1,
          null,
          1,
          17,
          null,
          null,
          1,
          null,
          null,
          1,
          null,
          10,
          null,
          null,
          10,
          10,
          10,
          10,
          10,
          10,
          10,
          10,
          10,
          null,
          null,
          null,
          null,
          1,
          377,
          null,
          null,
          null,
          null,
          1,
          38,
          null,
          null,
          null,
          null,
          1,
          17,
          15,
          null,
          null,
          1,
          18,
          null,
          null,
          1,
          3,
          null,
          null,
          null,
          null,
          null
        ]
      },
      "/app/lib/websocket/handshake/handler/client11.rb": {
        "lines": [
          null,
          null,
          1,
          1,
          1,
          1,
          1,
          null,
          null,
          1,
          5,
          31,
          5,
          null,
          26,
          null,
          null,
          null,
          null,
          null,
          null,
          null
        ]
      },
      "/app/lib/websocket/handshake/handler/server04.rb": {
        "lines": [
          null,
          null,
          1,
          null,
          1,
          1,
          1,
          1,
          null,
          1,
          8,
          null,
          null,
          1,
          null,
          null,
          1,
          9,
          null,
          null,
          null,
          1,
          null,
          9,
          null,
          null,
          null,
          null,
          null,
          null,
          null,
          1,
          9,
          9,
          9,
          null,
          null,
          1,
          8,
          7,
          null,
          null,
          1,
          26,
          null,
          null,
          1,
          9,
          3,
          3,
          null,
          null,
          null,
          null,
          null
        ]
      }
    },
    "timestamp": 1749680466
  }
}
